<?xml version="1.0" encoding="UTF-8"?>
<testsuite name="contact_ok.OkAddContactTest" tests="1" skipped="0" failures="0" errors="0" timestamp="2023-02-02T16:29:03" hostname="DJANACER" time="1.094">
  <properties/>
  <testcase name="addTest" classname="contact_ok.OkAddContactTest" time="1.094"/>
  <system-out><![CDATA[Contact was added! ID: eba0f4be-1566-4919-8f9d-31e7072cb531
]]></system-out>
  <system-err><![CDATA[]]></system-err>
</testsuite>
